[    2689ms] TypeError: Cannot read properties of undefined (reading 'transformCallback')
    at transformCallback (http://localhost:1420/node_modules/.vite/deps/chunk-ODEGSMJD.js?v=da9a71e1:22:37)
    at listen (http://localhost:1420/node_modules/.vite/deps/@tauri-apps_api_event.js?v=da9a71e1:38:14)
    at setup (http://localhost:1420/src/hooks/useTraceCollector.ts:49:30)
    at http://localhost:1420/src/hooks/useTraceCollector.ts:67:10
    at commitHookEffectListMount (http://localhost:1420/node_modules/.vite/deps/chunk-PFB2DX5X.js?v=da9a71e1:16915:34)
    at commitPassiveMountOnFiber (http://localhost:1420/node_modules/.vite/deps/chunk-PFB2DX5X.js?v=da9a71e1:18156:19)
    at commitPassiveMountEffects_complete (http://localhost:1420/node_modules/.vite/deps/chunk-PFB2DX5X.js?v=da9a71e1:18129:17)
    at commitPassiveMountEffects_begin (http://localhost:1420/node_modules/.vite/deps/chunk-PFB2DX5X.js?v=da9a71e1:18119:15)
    at commitPassiveMountEffects (http://localhost:1420/node_modules/.vite/deps/chunk-PFB2DX5X.js?v=da9a71e1:18109:11)
    at flushPassiveEffectsImpl (http://localhost:1420/node_modules/.vite/deps/chunk-PFB2DX5X.js?v=da9a71e1:19490:11)
[    2702ms] TypeError: Cannot read properties of undefined (reading 'transformCallback')
    at transformCallback (http://localhost:1420/node_modules/.vite/deps/chunk-ODEGSMJD.js?v=da9a71e1:22:37)
    at listen (http://localhost:1420/node_modules/.vite/deps/@tauri-apps_api_event.js?v=da9a71e1:38:14)
    at setup (http://localhost:1420/src/hooks/useTraceCollector.ts:49:30)
    at http://localhost:1420/src/hooks/useTraceCollector.ts:67:10
    at commitHookEffectListMount (http://localhost:1420/node_modules/.vite/deps/chunk-PFB2DX5X.js?v=da9a71e1:16915:34)
    at invokePassiveEffectMountInDEV (http://localhost:1420/node_modules/.vite/deps/chunk-PFB2DX5X.js?v=da9a71e1:18324:19)
    at invokeEffectsInDev (http://localhost:1420/node_modules/.vite/deps/chunk-PFB2DX5X.js?v=da9a71e1:19701:19)
    at commitDoubleInvokeEffectsInDEV (http://localhost:1420/node_modules/.vite/deps/chunk-PFB2DX5X.js?v=da9a71e1:19686:15)
    at flushPassiveEffectsImpl (http://localhost:1420/node_modules/.vite/deps/chunk-PFB2DX5X.js?v=da9a71e1:19503:13)
    at flushPassiveEffects (http://localhost:1420/node_modules/.vite/deps/chunk-PFB2DX5X.js?v=da9a71e1:19447:22)
[    2718ms] [ERROR] Failed to load resource: the server responded with a status of 404 (Not Found) @ http://localhost:1420/favicon.ico:0
[    2841ms] TypeError: Cannot read properties of undefined (reading 'transformCallback')
    at transformCallback (http://localhost:1420/node_modules/.vite/deps/chunk-ODEGSMJD.js?v=da9a71e1:22:37)
    at listen (http://localhost:1420/node_modules/.vite/deps/@tauri-apps_api_event.js?v=da9a71e1:38:14)
    at setup (http://localhost:1420/src/hooks/useTraceCollector.ts:49:30)
    at http://localhost:1420/src/hooks/useTraceCollector.ts:67:10
    at commitHookEffectListMount (http://localhost:1420/node_modules/.vite/deps/chunk-PFB2DX5X.js?v=da9a71e1:16915:34)
    at commitPassiveMountOnFiber (http://localhost:1420/node_modules/.vite/deps/chunk-PFB2DX5X.js?v=da9a71e1:18156:19)
    at commitPassiveMountEffects_complete (http://localhost:1420/node_modules/.vite/deps/chunk-PFB2DX5X.js?v=da9a71e1:18129:17)
    at commitPassiveMountEffects_begin (http://localhost:1420/node_modules/.vite/deps/chunk-PFB2DX5X.js?v=da9a71e1:18119:15)
    at commitPassiveMountEffects (http://localhost:1420/node_modules/.vite/deps/chunk-PFB2DX5X.js?v=da9a71e1:18109:11)
    at flushPassiveEffectsImpl (http://localhost:1420/node_modules/.vite/deps/chunk-PFB2DX5X.js?v=da9a71e1:19490:11)
[    4684ms] [ERROR] Failed to check for updates: TypeError: Cannot read properties of undefined (reading 'invoke')
    at invoke (http://localhost:1420/node_modules/.vite/deps/chunk-ODEGSMJD.js?v=da9a71e1:109:37)
    at check (http://localhost:1420/node_modules/.vite/deps/@tauri-apps_plugin-updater.js?v=da9a71e1:65:26)
    at http://localhost:1420/src/hooks/useUpdater.ts:11:28 @ http://localhost:1420/src/hooks/useUpdater.ts:17
[    4697ms] TypeError: Cannot read properties of undefined (reading 'transformCallback')
    at transformCallback (http://localhost:1420/node_modules/.vite/deps/chunk-ODEGSMJD.js?v=da9a71e1:22:37)
    at listen (http://localhost:1420/node_modules/.vite/deps/@tauri-apps_api_event.js?v=da9a71e1:38:14)
    at setup (http://localhost:1420/src/hooks/useTraceCollector.ts:49:30)
    at http://localhost:1420/src/hooks/useTraceCollector.ts:67:10
    at commitHookEffectListMount (http://localhost:1420/node_modules/.vite/deps/chunk-PFB2DX5X.js?v=da9a71e1:16915:34)
    at commitPassiveMountOnFiber (http://localhost:1420/node_modules/.vite/deps/chunk-PFB2DX5X.js?v=da9a71e1:18156:19)
    at commitPassiveMountEffects_complete (http://localhost:1420/node_modules/.vite/deps/chunk-PFB2DX5X.js?v=da9a71e1:18129:17)
    at commitPassiveMountEffects_begin (http://localhost:1420/node_modules/.vite/deps/chunk-PFB2DX5X.js?v=da9a71e1:18119:15)
    at commitPassiveMountEffects (http://localhost:1420/node_modules/.vite/deps/chunk-PFB2DX5X.js?v=da9a71e1:18109:11)
    at flushPassiveEffectsImpl (http://localhost:1420/node_modules/.vite/deps/chunk-PFB2DX5X.js?v=da9a71e1:19490:11)
[   67599ms] TypeError: Cannot read properties of undefined (reading 'transformCallback')
    at transformCallback (http://localhost:1420/node_modules/.vite/deps/chunk-ODEGSMJD.js?v=da9a71e1:22:37)
    at listen (http://localhost:1420/node_modules/.vite/deps/@tauri-apps_api_event.js?v=da9a71e1:38:14)
    at setup (http://localhost:1420/src/hooks/useTraceCollector.ts:49:30)
    at http://localhost:1420/src/hooks/useTraceCollector.ts:67:10
    at commitHookEffectListMount (http://localhost:1420/node_modules/.vite/deps/chunk-PFB2DX5X.js?v=da9a71e1:16915:34)
    at commitPassiveMountOnFiber (http://localhost:1420/node_modules/.vite/deps/chunk-PFB2DX5X.js?v=da9a71e1:18156:19)
    at commitPassiveMountEffects_complete (http://localhost:1420/node_modules/.vite/deps/chunk-PFB2DX5X.js?v=da9a71e1:18129:17)
    at commitPassiveMountEffects_begin (http://localhost:1420/node_modules/.vite/deps/chunk-PFB2DX5X.js?v=da9a71e1:18119:15)
    at commitPassiveMountEffects (http://localhost:1420/node_modules/.vite/deps/chunk-PFB2DX5X.js?v=da9a71e1:18109:11)
    at flushPassiveEffectsImpl (http://localhost:1420/node_modules/.vite/deps/chunk-PFB2DX5X.js?v=da9a71e1:19490:11)
[   69232ms] TypeError: Cannot read properties of undefined (reading 'transformCallback')
    at transformCallback (http://localhost:1420/node_modules/.vite/deps/chunk-ODEGSMJD.js?v=da9a71e1:22:37)
    at listen (http://localhost:1420/node_modules/.vite/deps/@tauri-apps_api_event.js?v=da9a71e1:38:14)
    at setup (http://localhost:1420/src/hooks/useTraceCollector.ts:49:30)
    at http://localhost:1420/src/hooks/useTraceCollector.ts:67:10
    at commitHookEffectListMount (http://localhost:1420/node_modules/.vite/deps/chunk-PFB2DX5X.js?v=da9a71e1:16915:34)
    at commitPassiveMountOnFiber (http://localhost:1420/node_modules/.vite/deps/chunk-PFB2DX5X.js?v=da9a71e1:18156:19)
    at commitPassiveMountEffects_complete (http://localhost:1420/node_modules/.vite/deps/chunk-PFB2DX5X.js?v=da9a71e1:18129:17)
    at commitPassiveMountEffects_begin (http://localhost:1420/node_modules/.vite/deps/chunk-PFB2DX5X.js?v=da9a71e1:18119:15)
    at commitPassiveMountEffects (http://localhost:1420/node_modules/.vite/deps/chunk-PFB2DX5X.js?v=da9a71e1:18109:11)
    at flushPassiveEffectsImpl (http://localhost:1420/node_modules/.vite/deps/chunk-PFB2DX5X.js?v=da9a71e1:19490:11)
[   70371ms] [ERROR] [DocsView] Failed to auto-load repo: TypeError: Cannot read properties of undefined (reading 'invoke')
    at invoke (http://localhost:1420/node_modules/.vite/deps/chunk-ODEGSMJD.js?v=da9a71e1:109:37)
    at _Command.execute (http://localhost:1420/node_modules/.vite/deps/@tauri-apps_plugin-shell.js?v=da9a71e1:302:18)
    at execProgram (http://localhost:1420/src/core/repo/shell.ts:15:25)
    at git (http://localhost:1420/src/core/repo/git.ts:8:21)
    at resolveGitRoot (http://localhost:1420/src/core/repo/git.ts:13:24)
    at indexRepo (http://localhost:1420/src/core/repo/indexer.ts:43:22)
    at loadCurrentDir (http://localhost:1420/src/App.tsx:65:39)
    at http://localhost:1420/src/App.tsx:74:5
    at commitHookEffectListMount (http://localhost:1420/node_modules/.vite/deps/chunk-PFB2DX5X.js?v=da9a71e1:16915:34)
    at commitPassiveMountOnFiber (http://localhost:1420/node_modules/.vite/deps/chunk-PFB2DX5X.js?v=da9a71e1:18156:19) @ http://localhost:1420/src/App.tsx:67
[   70371ms] [ERROR] [DocsView] Failed to auto-load repo: TypeError: Cannot read properties of undefined (reading 'invoke')
    at invoke (http://localhost:1420/node_modules/.vite/deps/chunk-ODEGSMJD.js?v=da9a71e1:109:37)
    at _Command.execute (http://localhost:1420/node_modules/.vite/deps/@tauri-apps_plugin-shell.js?v=da9a71e1:302:18)
    at execProgram (http://localhost:1420/src/core/repo/shell.ts:15:25)
    at git (http://localhost:1420/src/core/repo/git.ts:8:21)
    at resolveGitRoot (http://localhost:1420/src/core/repo/git.ts:13:24)
    at indexRepo (http://localhost:1420/src/core/repo/indexer.ts:43:22)
    at loadCurrentDir (http://localhost:1420/src/App.tsx:65:39)
    at http://localhost:1420/src/App.tsx:74:5
    at commitHookEffectListMount (http://localhost:1420/node_modules/.vite/deps/chunk-PFB2DX5X.js?v=da9a71e1:16915:34)
    at invokePassiveEffectMountInDEV (http://localhost:1420/node_modules/.vite/deps/chunk-PFB2DX5X.js?v=da9a71e1:18324:19) @ http://localhost:1420/src/App.tsx:67
[   70382ms] TypeError: Cannot read properties of undefined (reading 'transformCallback')
    at transformCallback (http://localhost:1420/node_modules/.vite/deps/chunk-ODEGSMJD.js?v=da9a71e1:22:37)
    at listen (http://localhost:1420/node_modules/.vite/deps/@tauri-apps_api_event.js?v=da9a71e1:38:14)
    at setup (http://localhost:1420/src/hooks/useTraceCollector.ts:49:30)
    at http://localhost:1420/src/hooks/useTraceCollector.ts:67:10
    at commitHookEffectListMount (http://localhost:1420/node_modules/.vite/deps/chunk-PFB2DX5X.js?v=da9a71e1:16915:34)
    at commitPassiveMountOnFiber (http://localhost:1420/node_modules/.vite/deps/chunk-PFB2DX5X.js?v=da9a71e1:18156:19)
    at commitPassiveMountEffects_complete (http://localhost:1420/node_modules/.vite/deps/chunk-PFB2DX5X.js?v=da9a71e1:18129:17)
    at commitPassiveMountEffects_begin (http://localhost:1420/node_modules/.vite/deps/chunk-PFB2DX5X.js?v=da9a71e1:18119:15)
    at commitPassiveMountEffects (http://localhost:1420/node_modules/.vite/deps/chunk-PFB2DX5X.js?v=da9a71e1:18109:11)
    at flushPassiveEffectsImpl (http://localhost:1420/node_modules/.vite/deps/chunk-PFB2DX5X.js?v=da9a71e1:19490:11)
[   70382ms] TypeError: Cannot read properties of undefined (reading 'transformCallback')
    at transformCallback (http://localhost:1420/node_modules/.vite/deps/chunk-ODEGSMJD.js?v=da9a71e1:22:37)
    at listen (http://localhost:1420/node_modules/.vite/deps/@tauri-apps_api_event.js?v=da9a71e1:38:14)
    at setup (http://localhost:1420/src/hooks/useTraceCollector.ts:49:30)
    at http://localhost:1420/src/hooks/useTraceCollector.ts:67:10
    at commitHookEffectListMount (http://localhost:1420/node_modules/.vite/deps/chunk-PFB2DX5X.js?v=da9a71e1:16915:34)
    at commitPassiveMountOnFiber (http://localhost:1420/node_modules/.vite/deps/chunk-PFB2DX5X.js?v=da9a71e1:18156:19)
    at commitPassiveMountEffects_complete (http://localhost:1420/node_modules/.vite/deps/chunk-PFB2DX5X.js?v=da9a71e1:18129:17)
    at commitPassiveMountEffects_begin (http://localhost:1420/node_modules/.vite/deps/chunk-PFB2DX5X.js?v=da9a71e1:18119:15)
    at commitPassiveMountEffects (http://localhost:1420/node_modules/.vite/deps/chunk-PFB2DX5X.js?v=da9a71e1:18109:11)
    at flushPassiveEffectsImpl (http://localhost:1420/node_modules/.vite/deps/chunk-PFB2DX5X.js?v=da9a71e1:19490:11)
[   73664ms] TypeError: Cannot read properties of undefined (reading 'transformCallback')
    at transformCallback (http://localhost:1420/node_modules/.vite/deps/chunk-ODEGSMJD.js?v=da9a71e1:22:37)
    at listen (http://localhost:1420/node_modules/.vite/deps/@tauri-apps_api_event.js?v=da9a71e1:38:14)
    at setup (http://localhost:1420/src/hooks/useTraceCollector.ts:49:30)
    at http://localhost:1420/src/hooks/useTraceCollector.ts:67:10
    at commitHookEffectListMount (http://localhost:1420/node_modules/.vite/deps/chunk-PFB2DX5X.js?v=da9a71e1:16915:34)
    at commitPassiveMountOnFiber (http://localhost:1420/node_modules/.vite/deps/chunk-PFB2DX5X.js?v=da9a71e1:18156:19)
    at commitPassiveMountEffects_complete (http://localhost:1420/node_modules/.vite/deps/chunk-PFB2DX5X.js?v=da9a71e1:18129:17)
    at commitPassiveMountEffects_begin (http://localhost:1420/node_modules/.vite/deps/chunk-PFB2DX5X.js?v=da9a71e1:18119:15)
    at commitPassiveMountEffects (http://localhost:1420/node_modules/.vite/deps/chunk-PFB2DX5X.js?v=da9a71e1:18109:11)
    at flushPassiveEffectsImpl (http://localhost:1420/node_modules/.vite/deps/chunk-PFB2DX5X.js?v=da9a71e1:19490:11)
[   87774ms] TypeError: Cannot read properties of undefined (reading 'transformCallback')
    at transformCallback (http://localhost:1420/node_modules/.vite/deps/chunk-ODEGSMJD.js?v=da9a71e1:22:37)
    at listen (http://localhost:1420/node_modules/.vite/deps/@tauri-apps_api_event.js?v=da9a71e1:38:14)
    at setup (http://localhost:1420/src/hooks/useTraceCollector.ts:49:30)
    at http://localhost:1420/src/hooks/useTraceCollector.ts:67:10
    at commitHookEffectListMount (http://localhost:1420/node_modules/.vite/deps/chunk-PFB2DX5X.js?v=da9a71e1:16915:34)
    at commitPassiveMountOnFiber (http://localhost:1420/node_modules/.vite/deps/chunk-PFB2DX5X.js?v=da9a71e1:18156:19)
    at commitPassiveMountEffects_complete (http://localhost:1420/node_modules/.vite/deps/chunk-PFB2DX5X.js?v=da9a71e1:18129:17)
    at commitPassiveMountEffects_begin (http://localhost:1420/node_modules/.vite/deps/chunk-PFB2DX5X.js?v=da9a71e1:18119:15)
    at commitPassiveMountEffects (http://localhost:1420/node_modules/.vite/deps/chunk-PFB2DX5X.js?v=da9a71e1:18109:11)
    at flushPassiveEffectsImpl (http://localhost:1420/node_modules/.vite/deps/chunk-PFB2DX5X.js?v=da9a71e1:19490:11)
[   95266ms] TypeError: Cannot read properties of undefined (reading 'transformCallback')
    at transformCallback (http://localhost:1420/node_modules/.vite/deps/chunk-ODEGSMJD.js?v=da9a71e1:22:37)
    at listen (http://localhost:1420/node_modules/.vite/deps/@tauri-apps_api_event.js?v=da9a71e1:38:14)
    at setup (http://localhost:1420/src/hooks/useTraceCollector.ts:49:30)
    at http://localhost:1420/src/hooks/useTraceCollector.ts:67:10
    at commitHookEffectListMount (http://localhost:1420/node_modules/.vite/deps/chunk-PFB2DX5X.js?v=da9a71e1:16915:34)
    at commitPassiveMountOnFiber (http://localhost:1420/node_modules/.vite/deps/chunk-PFB2DX5X.js?v=da9a71e1:18156:19)
    at commitPassiveMountEffects_complete (http://localhost:1420/node_modules/.vite/deps/chunk-PFB2DX5X.js?v=da9a71e1:18129:17)
    at commitPassiveMountEffects_begin (http://localhost:1420/node_modules/.vite/deps/chunk-PFB2DX5X.js?v=da9a71e1:18119:15)
    at commitPassiveMountEffects (http://localhost:1420/node_modules/.vite/deps/chunk-PFB2DX5X.js?v=da9a71e1:18109:11)
    at flushPassiveEffectsImpl (http://localhost:1420/node_modules/.vite/deps/chunk-PFB2DX5X.js?v=da9a71e1:19490:11)
